<?xml version="1.0" encoding="UTF-8"?>
<testsuite xmlns:xsi="http://www.w3.org/2001/XMLSchema-instance" xsi:noNamespaceSchemaLocation="https://maven.apache.org/surefire/maven-surefire-plugin/xsd/surefire-test-report-3.0.xsd" version="3.0" name="dz.ibnrochd.master14.Sb002ApplicationTests" time="7.344" tests="1" errors="0" skipped="0" failures="0">
  <properties>
[...]
</properties>
  <testcase name="contextLoads" classname="dz.ibnrochd.master14.Sb002ApplicationTests" time="1.819">
    <system-out><![CDATA[16:15:02.433 [main] INFO org.springframework.test.context.support.AnnotationConfigContextLoaderUtils -- Could not detect default configuration classes for test class [dz.ibnrochd.master14.Sb002ApplicationTests]: Sb002ApplicationTests does not declare any static, non-private, non-final, nested classes annotated with @Configuration.
16:15:02.628 [main] INFO org.springframework.boot.test.context.SpringBootTestContextBootstrapper -- Found @SpringBootConfiguration dz.ibnrochd.master14.Sb002Application for test class dz.ibnrochd.master14.Sb002ApplicationTests

  .   ____          _            __ _ _
 /\\ / ___'_ __ _ _(_)_ __  __ _ \ \ \ \
( ( )\___ | '_ | '_| | '_ \/ _` | \ \ \ \
 \\/  ___)| |_)| | | | | || (_| |  ) ) ) )
  '  |____| .__|_| |_|_| |_\__, | / / / /
 =========|_|==============|___/=/_/_/_/
 :: Spring Boot ::                (v3.2.5)

2024-04-30T16:15:03.407+01:00  INFO 6420 --- [sb_002] [           main] d.i.master14.Sb002ApplicationTests       : Starting Sb002ApplicationTests using Java 17.0.8 with PID 6420 (started by LKTech in C:\Users\LKTech\Desktop\BUR\work\sb_002)
2024-04-30T16:15:03.409+01:00  INFO 6420 --- [sb_002] [           main] d.i.master14.Sb002ApplicationTests       : No active profile set, falling back to 1 default profile: "default"
2024-04-30T16:15:04.735+01:00  INFO 6420 --- [sb_002] [           main] .s.d.r.c.RepositoryConfigurationDelegate : Bootstrapping Spring Data JDBC repositories in DEFAULT mode.
2024-04-30T16:15:04.782+01:00  INFO 6420 --- [sb_002] [           main] .s.d.r.c.RepositoryConfigurationDelegate : Finished Spring Data repository scanning in 40 ms. Found 0 JDBC repository interfaces.
2024-04-30T16:15:06.776+01:00  INFO 6420 --- [sb_002] [           main] com.zaxxer.hikari.HikariDataSource       : HikariPool-1 - Starting...
2024-04-30T16:15:07.264+01:00  INFO 6420 --- [sb_002] [           main] com.zaxxer.hikari.pool.HikariPool        : HikariPool-1 - Added connection org.postgresql.jdbc.PgConnection@14e750c5
2024-04-30T16:15:07.267+01:00  INFO 6420 --- [sb_002] [           main] com.zaxxer.hikari.HikariDataSource       : HikariPool-1 - Start completed.
2024-04-30T16:15:07.619+01:00  INFO 6420 --- [sb_002] [           main] d.i.master14.Sb002ApplicationTests       : Started Sb002ApplicationTests in 4.705 seconds (process running for 6.989)
]]></system-out>
  </testcase>
</testsuite>